<?xml version="1.0" encoding="UTF-8"?>
<coverage generated="1773269089669" clover="3.2.0">
  <project timestamp="1773269089670" name="All files">
    <metrics statements="22" coveredstatements="22" conditionals="12" coveredconditionals="12" methods="2" coveredmethods="2" elements="36" coveredelements="36" complexity="0" loc="22" ncloc="22" packages="1" files="1" classes="1"/>
    <file name="useLedCalculator.js" path="C:\Users\dimas\Desktop\Lab1ITuprava\src\composables\useLedCalculator.js">
      <metrics statements="22" coveredstatements="22" conditionals="12" coveredconditionals="12" methods="2" coveredmethods="2"/>
      <line num="4" count="5" type="stmt"/>
      <line num="5" count="5" type="stmt"/>
      <line num="8" count="5" type="stmt"/>
      <line num="9" count="5" type="stmt"/>
      <line num="10" count="5" type="stmt"/>
      <line num="12" count="5" type="stmt"/>
      <line num="13" count="5" type="stmt"/>
      <line num="14" count="5" type="stmt"/>
      <line num="17" count="5" type="cond" truecount="5" falsecount="0"/>
      <line num="18" count="1" type="stmt"/>
      <line num="19" count="1" type="stmt"/>
      <line num="22" count="4" type="cond" truecount="5" falsecount="0"/>
      <line num="23" count="1" type="stmt"/>
      <line num="24" count="1" type="stmt"/>
      <line num="27" count="3" type="cond" truecount="2" falsecount="0"/>
      <line num="28" count="1" type="stmt"/>
      <line num="29" count="1" type="stmt"/>
      <line num="33" count="2" type="stmt"/>
      <line num="34" count="2" type="stmt"/>
      <line num="36" count="2" type="stmt"/>
      <line num="37" count="2" type="stmt"/>
      <line num="40" count="5" type="stmt"/>
    </file>
  </project>
</coverage>
