{"C:\\Users\\dimas\\Desktop\\Lab1ITuprava\\src\\composables\\useLedCalculator.js": {"path":"C:\\Users\\dimas\\Desktop\\Lab1ITuprava\\src\\composables\\useLedCalculator.js","statementMap":{"0":{"start":{"line":4,"column":22},"end":{"line":4,"column":32}},"1":{"start":{"line":5,"column":20},"end":{"line":5,"column":28}},"2":{"start":{"line":8,"column":30},"end":{"line":38,"column":5}},"3":{"start":{"line":9,"column":8},"end":{"line":9,"column":28}},"4":{"start":{"line":10,"column":8},"end":{"line":10,"column":32}},"5":{"start":{"line":12,"column":24},"end":{"line":12,"column":49}},"6":{"start":{"line":13,"column":21},"end":{"line":13,"column":43}},"7":{"start":{"line":14,"column":21},"end":{"line":14,"column":43}},"8":{"start":{"line":17,"column":8},"end":{"line":20,"column":9}},"9":{"start":{"line":18,"column":12},"end":{"line":18,"column":69}},"10":{"start":{"line":19,"column":12},"end":{"line":19,"column":25}},"11":{"start":{"line":22,"column":8},"end":{"line":25,"column":9}},"12":{"start":{"line":23,"column":12},"end":{"line":23,"column":68}},"13":{"start":{"line":24,"column":12},"end":{"line":24,"column":25}},"14":{"start":{"line":27,"column":8},"end":{"line":30,"column":9}},"15":{"start":{"line":28,"column":12},"end":{"line":28,"column":88}},"16":{"start":{"line":29,"column":12},"end":{"line":29,"column":25}},"17":{"start":{"line":33,"column":28},"end":{"line":33,"column":39}},"18":{"start":{"line":34,"column":22},"end":{"line":34,"column":52}},"19":{"start":{"line":36,"column":8},"end":{"line":36,"column":44}},"20":{"start":{"line":37,"column":8},"end":{"line":37,"column":20}},"21":{"start":{"line":40,"column":4},"end":{"line":44,"column":6}}},"fnMap":{"0":{"name":"useLedCalculator","decl":{"start":{"line":3,"column":16},"end":{"line":3,"column":32}},"loc":{"start":{"line":3,"column":35},"end":{"line":45,"column":null}},"line":3},"1":{"name":"(anonymous_1)","decl":{"start":{"line":8,"column":30},"end":{"line":8,"column":31}},"loc":{"start":{"line":8,"column":73},"end":{"line":38,"column":5}},"line":8}},"branchMap":{"0":{"loc":{"start":{"line":17,"column":8},"end":{"line":20,"column":9}},"type":"if","locations":[{"start":{"line":17,"column":8},"end":{"line":20,"column":9}},{"start":{},"end":{}}],"line":17},"1":{"loc":{"start":{"line":17,"column":12},"end":{"line":17,"column":56}},"type":"binary-expr","locations":[{"start":{"line":17,"column":12},"end":{"line":17,"column":26}},{"start":{"line":17,"column":30},"end":{"line":17,"column":41}},{"start":{"line":17,"column":45},"end":{"line":17,"column":56}}],"line":17},"2":{"loc":{"start":{"line":22,"column":8},"end":{"line":25,"column":9}},"type":"if","locations":[{"start":{"line":22,"column":8},"end":{"line":25,"column":9}},{"start":{},"end":{}}],"line":22},"3":{"loc":{"start":{"line":22,"column":12},"end":{"line":22,"column":50}},"type":"binary-expr","locations":[{"start":{"line":22,"column":12},"end":{"line":22,"column":24}},{"start":{"line":22,"column":28},"end":{"line":22,"column":37}},{"start":{"line":22,"column":41},"end":{"line":22,"column":50}}],"line":22},"4":{"loc":{"start":{"line":27,"column":8},"end":{"line":30,"column":9}},"type":"if","locations":[{"start":{"line":27,"column":8},"end":{"line":30,"column":9}},{"start":{},"end":{}}],"line":27}},"s":{"0":5,"1":5,"2":5,"3":5,"4":5,"5":5,"6":5,"7":5,"8":5,"9":1,"10":1,"11":4,"12":1,"13":1,"14":3,"15":1,"16":1,"17":2,"18":2,"19":2,"20":2,"21":5},"f":{"0":5,"1":5},"b":{"0":[1,4],"1":[5,4,4],"2":[1,3],"3":[4,4,3],"4":[1,2]},"meta":{"lastBranch":5,"lastFunction":2,"lastStatement":22,"seen":{"f:3:16:3:32":0,"s:4:22:4:32":0,"s:5:20:5:28":1,"s:8:30:38:5":2,"f:8:30:8:31":1,"s:9:8:9:28":3,"s:10:8:10:32":4,"s:12:24:12:49":5,"s:13:21:13:43":6,"s:14:21:14:43":7,"b:17:8:20:9:undefined:undefined:undefined:undefined":0,"s:17:8:20:9":8,"b:17:12:17:26:17:30:17:41:17:45:17:56":1,"s:18:12:18:69":9,"s:19:12:19:25":10,"b:22:8:25:9:undefined:undefined:undefined:undefined":2,"s:22:8:25:9":11,"b:22:12:22:24:22:28:22:37:22:41:22:50":3,"s:23:12:23:68":12,"s:24:12:24:25":13,"b:27:8:30:9:undefined:undefined:undefined:undefined":4,"s:27:8:30:9":14,"s:28:12:28:88":15,"s:29:12:29:25":16,"s:33:28:33:39":17,"s:34:22:34:52":18,"s:36:8:36:44":19,"s:37:8:37:20":20,"s:40:4:44:6":21}}}
}
